0 info it worked if it ends with ok
1 verbose cli [ 'node', '/usr/local/bin/npm', 'adduser' ]
2 info using npm@1.4.9
3 info using node@v0.10.28
4 error Error: canceled
4 error     at Interface.<anonymous> (/usr/local/lib/node_modules/npm/node_modules/read/lib/read.js:66:13)
4 error     at Interface.EventEmitter.emit (events.js:92:17)
4 error     at Interface._ttyWrite (readline.js:620:16)
4 error     at ReadStream.onkeypress (readline.js:99:10)
4 error     at ReadStream.EventEmitter.emit (events.js:98:17)
4 error     at emitKey (readline.js:1095:12)
4 error     at ReadStream.onData (readline.js:840:14)
4 error     at ReadStream.EventEmitter.emit (events.js:95:17)
4 error     at ReadStream.<anonymous> (_stream_readable.js:745:14)
4 error     at ReadStream.EventEmitter.emit (events.js:92:17)
5 error If you need help, you may report this *entire* log,
5 error including the npm and node versions, at:
5 error     <http://github.com/npm/npm/issues>
6 error System Darwin 13.2.0
7 error command "node" "/usr/local/bin/npm" "adduser"
8 error cwd /Users/t2wu/Documents/Node_book/code/npm_package/replaceme/bin
9 error node -v v0.10.28
10 error npm -v 1.4.9
11 verbose exit [ 1, true ]
